[2016-01-30 18:10:05] START
[2016-01-30 18:11:07] CREATE teste.py: 0
[2016-01-30 18:14:54] CREATE testeArduino.html: 0
[2016-01-30 18:15:21] EDIT Arduino/views/testeArduino.html: -1
[2016-01-30 18:17:36] DELETE Arduino/views/testeArduino.html: -2
[2016-01-30 18:22:11] CREATE teste/index.html: 0
[2016-01-30 18:22:47] EDIT Arduino/views/teste/index.html: -1
[2016-01-30 18:26:55] EDIT Arduino/views/teste/index.html: 1
[2016-01-30 18:34:33] EDIT Arduino/views/teste/index.html: 2
[2016-01-30 18:39:56] EDIT Arduino/views/teste/index.html: 0
[2016-01-30 18:40:23] EDIT Arduino/views/teste/index.html: 0
[2016-01-30 18:42:11] EDIT Arduino/views/teste/index.html: 1
[2016-01-30 18:46:27] EDIT Arduino/controllers/teste.py: 1
[2016-01-30 18:46:45] EDIT Arduino/controllers/teste.py: 0
[2016-01-30 18:47:32] EDIT Arduino/controllers/teste.py: 0
[2016-01-30 18:50:34] EDIT Arduino/controllers/teste.py: 1
[2016-01-30 18:51:02] EDIT Arduino/controllers/teste.py: 0
[2016-01-30 18:51:38] EDIT Arduino/controllers/teste.py: 0
[2016-01-30 18:52:53] EDIT Arduino/controllers/teste.py: 0
[2016-01-30 19:00:05] EDIT Arduino/controllers/teste.py: 0
[2016-01-30 19:01:22] EDIT Arduino/views/teste/index.html: 0
[2016-01-30 19:02:08] EDIT Arduino/views/teste/index.html: 0
[2016-01-30 19:02:56] EDIT Arduino/views/teste/index.html: 0
[2016-01-30 19:03:23] EDIT Arduino/controllers/teste.py: 0
[2016-01-30 19:04:33] EDIT Arduino/controllers/teste.py: 0
[2016-01-30 19:05:14] EDIT Arduino/controllers/teste.py: 0
[2016-01-30 19:09:15] EDIT Arduino/controllers/teste.py: 7
[2016-01-30 21:35:36] EDIT Arduino/views/layout.html: -12
[2016-01-30 21:38:49] EDIT Arduino/views/default/index.html: -49
[2016-01-30 21:40:05] EDIT Arduino/views/default/index.html: 1
[2016-01-30 21:41:03] EDIT Arduino/views/layout.html: 0
[2016-01-30 21:42:34] EDIT Arduino/views/layout.html: 0
[2016-01-30 21:46:05] EDIT Arduino/views/default/index.html: 59
[2016-01-30 21:58:08] EDIT Arduino/views/default/index.html: 0
[2016-01-30 22:03:08] EDIT Arduino/views/default/index.html: 0
[2016-01-30 22:04:22] EDIT Arduino/views/default/index.html: 0
[2016-01-30 22:05:11] EDIT Arduino/views/default/index.html: 0
[2016-01-30 22:07:25] EDIT Arduino/views/default/index.html: 0
[2016-01-30 22:09:49] EDIT Arduino/views/default/index.html: 0
[2016-01-30 22:10:40] EDIT Arduino/views/default/index.html: 0
[2016-01-30 22:17:37] EDIT Arduino/views/default/index.html: 0
[2016-01-30 22:20:00] EDIT Arduino/views/default/index.html: 0
[2016-01-30 22:22:01] EDIT Arduino/views/default/index.html: 0
[2016-01-30 22:23:40] EDIT Arduino/views/default/index.html: 0
[2016-01-30 22:24:57] EDIT Arduino/views/default/index.html: 0
[2016-01-30 22:45:01] EDIT Arduino/controllers/default.py: 4
[2016-01-30 22:47:52] EDIT Arduino/controllers/default.py: 3
[2016-01-30 22:48:37] EDIT Arduino/views/default/index.html: 0
[2016-01-30 22:55:20] EDIT Arduino/controllers/default.py: 0
[2016-01-30 22:56:25] EDIT Arduino/controllers/default.py: 0
[2016-01-30 22:56:58] EDIT Arduino/controllers/default.py: 0
[2016-01-30 22:58:36] EDIT Arduino/views/default/index.html: 0
[2016-01-30 23:00:27] EDIT Arduino/views/default/index.html: 2
[2016-01-30 23:02:31] EDIT Arduino/views/default/index.html: 1
[2016-01-30 23:06:30] EDIT Arduino/views/default/index.html: 0
[2016-01-30 23:07:13] EDIT Arduino/views/default/index.html: 0
[2016-01-30 23:08:38] EDIT Arduino/controllers/default.py: -2
[2016-01-30 23:09:24] EDIT Arduino/views/default/index.html: 0
[2016-01-30 23:11:00] EDIT Arduino/views/default/index.html: 0
[2016-01-30 23:16:48] EDIT Arduino/controllers/default.py: 7
[2016-01-30 23:17:07] EDIT Arduino/controllers/default.py: 0
[2016-01-30 23:17:11] EDIT Arduino/views/default/index.html: 0
[2016-01-30 23:19:13] EDIT Arduino/controllers/default.py: -1
[2016-01-30 23:19:25] EDIT Arduino/controllers/default.py: 0
[2016-01-30 23:19:45] EDIT Arduino/controllers/default.py: 0
[2016-01-30 23:20:38] EDIT Arduino/controllers/default.py: -1
[2016-01-30 23:21:35] EDIT Arduino/controllers/default.py: 0
[2016-01-30 23:22:25] EDIT Arduino/controllers/default.py: 0
[2016-01-30 23:23:40] EDIT Arduino/controllers/default.py: 0
[2016-01-30 23:26:35] EDIT Arduino/controllers/default.py: 6
[2016-01-30 23:27:14] EDIT Arduino/views/default/index.html: 0
[2016-01-30 23:27:15] EDIT Arduino/controllers/default.py: 0
[2016-01-30 23:28:21] EDIT Arduino/controllers/default.py: 2
[2016-01-30 23:29:21] EDIT Arduino/controllers/default.py: 0
[2016-01-30 23:30:36] EDIT Arduino/controllers/default.py: 0
[2016-01-30 23:32:21] EDIT Arduino/controllers/default.py: -8
[2016-01-30 23:32:47] EDIT Arduino/controllers/default.py: 8
[2016-01-30 23:33:26] EDIT Arduino/controllers/default.py: -1
[2016-01-30 23:34:15] EDIT Arduino/controllers/default.py: -1
[2016-01-30 23:36:58] EDIT Arduino/views/layout.html: 0
[2016-01-30 23:37:38] EDIT Arduino/views/layout.html: -1
